/home/pi/speedtestWG/speedtest.zsh: line 2: speedtest: command not found
/home/pi/speedtestWG/speedtest.zsh: line 2: speedtest: command not found
/home/pi/speedtestWG/speedtest.zsh: line 2: speedtest: command not found
/home/pi/speedtestWG/speedtest.zsh: line 2: speedtest: command not found
/home/pi/speedtestWG/speedtest.zsh: line 2: speedtest: command not found
/home/pi/speedtestWG/speedtest.zsh: line 2: speedtest: command not found
/home/pi/speedtestWG/speedtest.zsh: line 2: speedtest: command not found
/home/pi/speedtestWG/speedtest.zsh: line 2: speedtest: command not found
/home/pi/speedtestWG/speedtest.zsh: line 2: speedtest: command not found
/home/pi/speedtestWG/speedtest.zsh: line 2: speedtest: command not found
/home/pi/speedtestWG/speedtest.zsh: line 2: speedtest: command not found
/home/pi/speedtestWG/speedtest.zsh: line 2: ./speedtest: No such file or directory
/home/pi/speedtestWG/speedtest.zsh: line 2: ./speedtest: No such file or directory
/home/pi/speedtestWG/speedtest.zsh: line 2: ./speedtest: No such file or directory
[2021-10-11 21:24:08.482] [error] Error: [11] Cannot read: Resource temporarily unavailable
[2021-10-11 21:24:08.482] [error] Error: [11] Cannot read: Resource temporarily unavailable
[2021-10-11 21:24:08.482] [error] Error: [11] Cannot read: Resource temporarily unavailable
[2021-10-11 21:24:08.642] [error] Error: [11] Cannot read: Resource temporarily unavailable
[2021-10-11 21:24:08.642] [error] Error: [11] Cannot read: Resource temporarily unavailable
[2021-10-11 21:25:11.042] [error] Error: [11] Cannot read from socket: Resource temporarily unavailable
[2021-10-11 21:30:11.602] [error] Error: [11] Cannot read: Resource temporarily unavailable
[2021-10-11 21:31:53.042] [error] Test failed to complete: Cannot read: Resource temporarily unavailable
[2021-10-11 21:36:13.522] [error] Error: [11] Cannot read: Resource temporarily unavailable
[2021-10-11 21:57:11.090] [error] Error: [110] Cannot open socket: Timeout occurred in connect.
